[14-Jun-2025 13:19:13 Africa/Nairobi] PHP Fatal error:  Uncaught PDOException: SQLSTATE[42S22]: Column not found: 1054 Unknown column 'clientnames' in 'field list' in C:\wamp64\www\Rental\models\condos\updateCondo.php:19
Stack trace:
#0 C:\wamp64\www\Rental\models\condos\updateCondo.php(19): PDO->prepare('UPDATE condos S...')
#1 {main}
  thrown in C:\wamp64\www\Rental\models\condos\updateCondo.php on line 19
[14-Jun-2025 13:19:22 Africa/Nairobi] PHP Fatal error:  Uncaught PDOException: SQLSTATE[42S22]: Column not found: 1054 Unknown column 'clientnames' in 'field list' in C:\wamp64\www\Rental\models\condos\updateCondo.php:19
Stack trace:
#0 C:\wamp64\www\Rental\models\condos\updateCondo.php(19): PDO->prepare('UPDATE condos S...')
#1 {main}
  thrown in C:\wamp64\www\Rental\models\condos\updateCondo.php on line 19
[2025-06-14 13:23:14] Error (2): Undefined variable $oldunitID in C:\wamp64\www\Rental\models\condos\updateCondo.php on line 32
[2025-06-14 13:23:30] Error (2): Undefined variable $oldunitID in C:\wamp64\www\Rental\models\condos\updateCondo.php on line 32
[2025-06-14 13:23:44] Error (2): Undefined variable $oldunitID in C:\wamp64\www\Rental\models\condos\updateCondo.php on line 32
[2025-06-14 13:25:25] Error (2): Undefined variable $oldunitID in C:\wamp64\www\Rental\models\condos\updateCondo.php on line 32
[2025-06-14 13:26:01] Error (2): Undefined variable $oldunitID in C:\wamp64\www\Rental\models\condos\updateCondo.php on line 32
[2025-06-14 13:26:14] Error (2): Undefined variable $oldunitID in C:\wamp64\www\Rental\models\condos\updateCondo.php on line 32
[2025-06-14 13:26:24] Error (2): Undefined variable $oldunitID in C:\wamp64\www\Rental\models\condos\updateCondo.php on line 32
[2025-06-14 13:30:30] Error (2): Undefined array key "condo" in C:\wamp64\www\Rental\condominiums_payments.php on line 7
[2025-06-14 13:32:21] Error (2): Undefined array key "condo" in C:\wamp64\www\Rental\condominiums_payments.php on line 7
[2025-06-14 13:32:23] Error (2): Undefined array key "condo" in C:\wamp64\www\Rental\condominiums_payments.php on line 7
[2025-06-14 13:32:31] Error (2): Undefined array key "paymentDate" in C:\wamp64\www\Rental\condominiums_payments.php on line 109
[2025-06-14 13:32:31] Error (8192): strtotime(): Passing null to parameter #1 ($datetime) of type string is deprecated in C:\wamp64\www\Rental\condominiums_payments.php on line 109
[2025-06-14 13:32:31] Error (2): Undefined array key "amount" in C:\wamp64\www\Rental\condominiums_payments.php on line 110
[2025-06-14 13:32:31] Error (8192): number_format(): Passing null to parameter #1 ($num) of type float is deprecated in C:\wamp64\www\Rental\condominiums_payments.php on line 110
[2025-06-14 13:32:31] Error (2): Undefined array key "description" in C:\wamp64\www\Rental\condominiums_payments.php on line 111
[2025-06-14 13:32:31] Error (2): Undefined array key "id" in C:\wamp64\www\Rental\condominiums_payments.php on line 113
